2023-03-23 15:08:32.078  INFO 11432 --- [main] com.meme.MemesApiApplication             : Starting MemesApiApplication using Java 17.0.3.1 on DESKTOP-Q7JCRB6 with PID 11432 (C:\Users\Dell\Documents\workspace-spring-tool-suite-4-4.17.2.RELEASE\memelandia\projeto\memes-api\target\classes started by Dell in C:\Users\Dell\Documents\workspace-spring-tool-suite-4-4.17.2.RELEASE\memelandia\projeto\memes-api)
2023-03-23 15:08:32.086  INFO 11432 --- [main] com.meme.MemesApiApplication             : No active profile set, falling back to 1 default profile: "default"
2023-03-23 15:08:35.727  INFO 11432 --- [main] .s.d.r.c.RepositoryConfigurationDelegate : Bootstrapping Spring Data MongoDB repositories in DEFAULT mode.
2023-03-23 15:08:36.117  INFO 11432 --- [main] .s.d.r.c.RepositoryConfigurationDelegate : Finished Spring Data repository scanning in 375 ms. Found 1 MongoDB repository interfaces.
2023-03-23 15:08:36.740  INFO 11432 --- [main] o.s.cloud.context.scope.GenericScope     : BeanFactory id=fef57dcd-aa97-345c-9840-3ab29f8e5fb8
2023-03-23 15:08:37.818  INFO 11432 --- [main] o.s.b.w.embedded.tomcat.TomcatWebServer  : Tomcat initialized with port(s): 0 (http)
2023-03-23 15:08:37.857  INFO 11432 --- [main] o.apache.catalina.core.StandardService   : Starting service [Tomcat]
2023-03-23 15:08:37.858  INFO 11432 --- [main] org.apache.catalina.core.StandardEngine  : Starting Servlet engine: [Apache Tomcat/9.0.71]
2023-03-23 15:08:38.273  INFO 11432 --- [main] o.a.c.c.C.[Tomcat].[localhost].[/]       : Initializing Spring embedded WebApplicationContext
2023-03-23 15:08:38.275  INFO 11432 --- [main] w.s.c.ServletWebServerApplicationContext : Root WebApplicationContext: initialization completed in 6020 ms
2023-03-23 15:08:39.543  INFO 11432 --- [main] org.mongodb.driver.client                : MongoClient with metadata {"driver": {"name": "mongo-java-driver|sync|spring-boot", "version": "4.6.1"}, "os": {"type": "Windows", "name": "Windows 10", "architecture": "amd64", "version": "10.0"}, "platform": "Java/Oracle Corporation/17.0.3.1+2-LTS-6"} created with settings MongoClientSettings{readPreference=primary, writeConcern=WriteConcern{w=null, wTimeout=null ms, journal=null}, retryWrites=true, retryReads=true, readConcern=ReadConcern{level=null}, credential=null, streamFactoryFactory=null, commandListeners=[io.micrometer.core.instrument.binder.mongodb.MongoMetricsCommandListener@62cf6a84], codecRegistry=ProvidersCodecRegistry{codecProviders=[ValueCodecProvider{}, BsonValueCodecProvider{}, DBRefCodecProvider{}, DBObjectCodecProvider{}, DocumentCodecProvider{}, IterableCodecProvider{}, MapCodecProvider{}, GeoJsonCodecProvider{}, GridFSFileCodecProvider{}, Jsr310CodecProvider{}, JsonObjectCodecProvider{}, BsonCodecProvider{}, EnumCodecProvider{}, com.mongodb.Jep395RecordCodecProvider@204d9edf]}, clusterSettings={hosts=[localhost:27017], srvServiceName=mongodb, mode=SINGLE, requiredClusterType=UNKNOWN, requiredReplicaSetName='null', serverSelector='null', clusterListeners='[]', serverSelectionTimeout='30000 ms', localThreshold='30000 ms'}, socketSettings=SocketSettings{connectTimeoutMS=10000, readTimeoutMS=0, receiveBufferSize=0, sendBufferSize=0}, heartbeatSocketSettings=SocketSettings{connectTimeoutMS=10000, readTimeoutMS=10000, receiveBufferSize=0, sendBufferSize=0}, connectionPoolSettings=ConnectionPoolSettings{maxSize=100, minSize=0, maxWaitTimeMS=120000, maxConnectionLifeTimeMS=0, maxConnectionIdleTimeMS=0, maintenanceInitialDelayMS=0, maintenanceFrequencyMS=60000, connectionPoolListeners=[io.micrometer.core.instrument.binder.mongodb.MongoMetricsConnectionPoolListener@6b2aafbc], maxConnecting=2}, serverSettings=ServerSettings{heartbeatFrequencyMS=10000, minHeartbeatFrequencyMS=500, serverListeners='[]', serverMonitorListeners='[]'}, sslSettings=SslSettings{enabled=false, invalidHostNameAllowed=false, context=null}, applicationName='null', compressorList=[], uuidRepresentation=JAVA_LEGACY, serverApi=null, autoEncryptionSettings=null, contextProvider=null}
2023-03-23 15:08:39.817  WARN 11432 --- [main] o.s.data.convert.CustomConversions       : Registering converter from class java.time.LocalDateTime to class org.joda.time.LocalDateTime as reading converter although it doesn't convert from a store-supported type; You might want to check your annotation setup at the converter implementation
2023-03-23 15:08:39.900  INFO 11432 --- [cluster-rtt-ClusterId{value='641c95a72ea905252f1349ed', description='null'}-localhost:27017] org.mongodb.driver.connection            : Opened connection [connectionId{localValue:2, serverValue:13}] to localhost:27017
2023-03-23 15:08:39.991  INFO 11432 --- [cluster-ClusterId{value='641c95a72ea905252f1349ed', description='null'}-localhost:27017] org.mongodb.driver.connection            : Opened connection [connectionId{localValue:1, serverValue:14}] to localhost:27017
2023-03-23 15:08:39.992  INFO 11432 --- [cluster-ClusterId{value='641c95a72ea905252f1349ed', description='null'}-localhost:27017] org.mongodb.driver.cluster               : Monitor thread successfully connected to server with description ServerDescription{address=localhost:27017, type=STANDALONE, state=CONNECTED, ok=true, minWireVersion=0, maxWireVersion=17, maxDocumentSize=16777216, logicalSessionTimeoutMinutes=30, roundTripTimeNanos=483673600}
2023-03-23 15:08:40.167  WARN 11432 --- [main] o.s.data.convert.CustomConversions       : Registering converter from class java.time.LocalDateTime to class org.joda.time.LocalDateTime as reading converter although it doesn't convert from a store-supported type; You might want to check your annotation setup at the converter implementation
2023-03-23 15:08:46.230  INFO 11432 --- [main] DiscoveryClientOptionalArgsConfiguration : Eureka HTTP Client uses RestTemplate.
2023-03-23 15:08:46.407  WARN 11432 --- [main] iguration$LoadBalancerCaffeineWarnLogger : Spring Cloud LoadBalancer is currently working with the default cache. While this cache implementation is useful for development and tests, it's recommended to use Caffeine cache in production.You can switch to using Caffeine cache, by adding it and org.springframework.cache.caffeine.CaffeineCacheManager to the classpath.
2023-03-23 15:08:46.426  INFO 11432 --- [main] o.s.b.a.e.web.EndpointLinksResolver      : Exposing 17 endpoint(s) beneath base path '/actuator'
2023-03-23 15:08:46.830  INFO 11432 --- [main] o.s.b.w.embedded.tomcat.TomcatWebServer  : Tomcat started on port(s): 60216 (http) with context path ''
2023-03-23 15:08:46.832  INFO 11432 --- [main] .s.c.n.e.s.EurekaAutoServiceRegistration : Updating port to 60216
2023-03-23 15:08:46.849  INFO 11432 --- [main] o.s.c.n.eureka.InstanceInfoFactory       : Setting initial instance status as: STARTING
2023-03-23 15:08:47.047  INFO 11432 --- [main] com.netflix.discovery.DiscoveryClient    : Initializing Eureka in region us-east-1
2023-03-23 15:08:47.071  INFO 11432 --- [main] c.n.d.s.r.aws.ConfigClusterResolver      : Resolving eureka endpoints via configuration
2023-03-23 15:08:47.147  INFO 11432 --- [main] com.netflix.discovery.DiscoveryClient    : Disable delta property : false
2023-03-23 15:08:47.147  INFO 11432 --- [main] com.netflix.discovery.DiscoveryClient    : Single vip registry refresh property : null
2023-03-23 15:08:47.147  INFO 11432 --- [main] com.netflix.discovery.DiscoveryClient    : Force full registry fetch : false
2023-03-23 15:08:47.148  INFO 11432 --- [main] com.netflix.discovery.DiscoveryClient    : Application is null : false
2023-03-23 15:08:47.148  INFO 11432 --- [main] com.netflix.discovery.DiscoveryClient    : Registered Applications size is zero : true
2023-03-23 15:08:47.148  INFO 11432 --- [main] com.netflix.discovery.DiscoveryClient    : Application version is -1: true
2023-03-23 15:08:47.149  INFO 11432 --- [main] com.netflix.discovery.DiscoveryClient    : Getting all instance registry info from the eureka server
2023-03-23 15:08:48.450  INFO 11432 --- [main] com.netflix.discovery.DiscoveryClient    : The response status is 200
2023-03-23 15:08:48.458  INFO 11432 --- [main] com.netflix.discovery.DiscoveryClient    : Starting heartbeat executor: renew interval is: 30
2023-03-23 15:08:48.473  INFO 11432 --- [main] c.n.discovery.InstanceInfoReplicator     : InstanceInfoReplicator onDemand update allowed rate per min is 4
2023-03-23 15:08:48.496  INFO 11432 --- [main] com.netflix.discovery.DiscoveryClient    : Discovery Client initialized at timestamp 1679594928491 with initial instances count: 0
2023-03-23 15:08:48.499  INFO 11432 --- [main] o.s.c.n.e.s.EurekaServiceRegistry        : Registering application MEMES-API with eureka with status UP
2023-03-23 15:08:48.501  INFO 11432 --- [main] com.netflix.discovery.DiscoveryClient    : Saw local status change event StatusChangeEvent [timestamp=1679594928501, current=UP, previous=STARTING]
2023-03-23 15:08:48.506  INFO 11432 --- [DiscoveryClient-InstanceInfoReplicator-0] com.netflix.discovery.DiscoveryClient    : DiscoveryClient_MEMES-API/memes-api:9ade3afd07779c836e25bbc03ddad22a: registering service...
2023-03-23 15:08:49.124  INFO 11432 --- [DiscoveryClient-InstanceInfoReplicator-0] com.netflix.discovery.DiscoveryClient    : DiscoveryClient_MEMES-API/memes-api:9ade3afd07779c836e25bbc03ddad22a - registration status: 204
2023-03-23 15:08:49.435  INFO 11432 --- [main] com.meme.MemesApiApplication             : Started MemesApiApplication in 21.621 seconds (JVM running for 23.361)
2023-03-23 15:08:49.651  INFO 11432 --- [main] org.mongodb.driver.connection            : Opened connection [connectionId{localValue:3, serverValue:15}] to localhost:27017
2023-03-23 15:09:18.679  INFO 11432 --- [DiscoveryClient-CacheRefreshExecutor-0] com.netflix.discovery.DiscoveryClient    : Disable delta property : false
2023-03-23 15:09:18.684  INFO 11432 --- [DiscoveryClient-CacheRefreshExecutor-0] com.netflix.discovery.DiscoveryClient    : Single vip registry refresh property : null
2023-03-23 15:09:18.685  INFO 11432 --- [DiscoveryClient-CacheRefreshExecutor-0] com.netflix.discovery.DiscoveryClient    : Force full registry fetch : false
2023-03-23 15:09:18.686  INFO 11432 --- [DiscoveryClient-CacheRefreshExecutor-0] com.netflix.discovery.DiscoveryClient    : Application is null : false
2023-03-23 15:09:18.686  INFO 11432 --- [DiscoveryClient-CacheRefreshExecutor-0] com.netflix.discovery.DiscoveryClient    : Registered Applications size is zero : true
2023-03-23 15:09:18.687  INFO 11432 --- [DiscoveryClient-CacheRefreshExecutor-0] com.netflix.discovery.DiscoveryClient    : Application version is -1: false
2023-03-23 15:09:18.687  INFO 11432 --- [DiscoveryClient-CacheRefreshExecutor-0] com.netflix.discovery.DiscoveryClient    : Getting all instance registry info from the eureka server
2023-03-23 15:09:18.781  INFO 11432 --- [DiscoveryClient-CacheRefreshExecutor-0] com.netflix.discovery.DiscoveryClient    : The response status is 200
2023-03-23 15:13:48.194  INFO 11432 --- [AsyncResolver-bootstrap-executor-0] c.n.d.s.r.aws.ConfigClusterResolver      : Resolving eureka endpoints via configuration
2023-03-23 15:13:51.967  INFO 11432 --- [http-nio-auto-1-exec-1] o.a.c.c.C.[Tomcat].[localhost].[/]       : Initializing Spring DispatcherServlet 'dispatcherServlet'
2023-03-23 15:13:52.063  INFO 11432 --- [http-nio-auto-1-exec-1] o.s.web.servlet.DispatcherServlet        : Initializing Servlet 'dispatcherServlet'
2023-03-23 15:13:58.575  INFO 11432 --- [http-nio-auto-1-exec-1] o.s.web.servlet.DispatcherServlet        : Completed initialization in 6498 ms
2023-03-23 15:14:10.871  INFO 11432 --- [http-nio-auto-1-exec-1] org.mongodb.driver.connection            : Opened connection [connectionId{localValue:4, serverValue:18}] to localhost:27017
2023-03-23 15:14:10.871  INFO 11432 --- [http-nio-auto-1-exec-3] org.mongodb.driver.connection            : Opened connection [connectionId{localValue:5, serverValue:19}] to localhost:27017
2023-03-23 15:17:38.363  INFO 11432 --- [http-nio-auto-1-exec-3] o.springdoc.api.AbstractOpenApiResource  : Init duration for springdoc-openapi is: 9654 ms
2023-03-23 15:18:49.155  INFO 11432 --- [AsyncResolver-bootstrap-executor-0] c.n.d.s.r.aws.ConfigClusterResolver      : Resolving eureka endpoints via configuration
